procs -----------memory---------- ---swap-- -----io---- -system-- ------cpu-----
 r  b   swpd   free   buff  cache   si   so    bi    bo   in   cs us sy id wa st
 0  0  12360  87956 104740 587644    0    1   136   151  112  342  2  0 95  2  0
procs -----------memory---------- ---swap-- -----io---- -system-- ------cpu-----
 r  b   swpd   free   buff  cache   si   so    bi    bo   in   cs us sy id wa st
 0  0  12360  87704 104740 587648    0    1   136   151  112  342  2  0 95  2  0
procs -----------memory---------- ---swap-- -----io---- -system-- ------cpu-----
 r  b   swpd   free   buff  cache   si   so    bi    bo   in   cs us sy id wa st
 0  0  12360  87704 104748 587648    0    1   136   151  112  342  2  0 95  2  0
procs -----------memory---------- ---swap-- -----io---- -system-- ------cpu-----
 r  b   swpd   free   buff  cache   si   so    bi    bo   in   cs us sy id wa st
 0  0  12360  87704 104748 587648    0    1   136   151  112  342  2  0 95  2  0
procs -----------memory---------- ---swap-- -----io---- -system-- ------cpu-----
 r  b   swpd   free   buff  cache   si   so    bi    bo   in   cs us sy id wa st
 0  0  12360  87704 104756 587648    0    1   136   151  112  342  2  0 95  2  0
procs -----------memory---------- ---swap-- -----io---- -system-- ------cpu-----
 r  b   swpd   free   buff  cache   si   so    bi    bo   in   cs us sy id wa st
 0  0  12360  87452 104756 587704    0    1   136   151  112  342  2  0 95  2  0
procs -----------memory---------- ---swap-- -----io---- -system-- ------cpu-----
 r  b   swpd   free   buff  cache   si   so    bi    bo   in   cs us sy id wa st
 0  0  12360  87452 104764 587704    0    1   136   151  112  342  2  0 95  2  0
procs -----------memory---------- ---swap-- -----io---- -system-- ------cpu-----
 r  b   swpd   free   buff  cache   si   so    bi    bo   in   cs us sy id wa st
 0  0  12360  87452 104764 587648    0    1   136   151  112  342  2  0 95  2  0
procs -----------memory---------- ---swap-- -----io---- -system-- ------cpu-----
 r  b   swpd   free   buff  cache   si   so    bi    bo   in   cs us sy id wa st
 1  0  12360  87452 104768 587648    0    1   136   151  113  342  2  0 95  2  0
procs -----------memory---------- ---swap-- -----io---- -system-- ------cpu-----
 r  b   swpd   free   buff  cache   si   so    bi    bo   in   cs us sy id wa st
 0  0  12360  87452 104768 587648    0    1   136   151  113  342  2  0 95  2  0
average kernel context switches per second = 342
avarage processor usage over the past 15s: 0,00
current state of hard disc partitions:
Filesystem      Size  Used Avail Use% Mounted on
udev            971M     0  971M   0% /dev
tmpfs           199M  1,6M  198M   1% /run
/dev/sda1       9,8G  6,5G  2,8G  71% /
tmpfs           994M     0  994M   0% /dev/shm
tmpfs           5,0M  4,0K  5,0M   1% /run/lock
tmpfs           994M     0  994M   0% /sys/fs/cgroup
/dev/loop0      2,5M  2,5M     0 100% /snap/gnome-calculator/730
/dev/loop2      1,0M  1,0M     0 100% /snap/gnome-logs/93
/dev/loop1      243M  243M     0 100% /snap/gnome-3-34-1804/27
/dev/loop3       94M   94M     0 100% /snap/core/9066
/dev/loop5       55M   55M     0 100% /snap/core18/1754
/dev/loop4       94M   94M     0 100% /snap/core/8935
/dev/loop7      161M  161M     0 100% /snap/gnome-3-28-1804/116
/dev/loop8       15M   15M     0 100% /snap/gnome-characters/399
/dev/loop9       63M   63M     0 100% /snap/gtk-common-themes/1506
/dev/loop10      55M   55M     0 100% /snap/core18/1705
/dev/loop11     3,8M  3,8M     0 100% /snap/gnome-system-monitor/135
/dev/loop13      15M   15M     0 100% /snap/gnome-characters/495
/dev/loop15      49M   49M     0 100% /snap/gtk-common-themes/1474
/dev/loop16     1,0M  1,0M     0 100% /snap/gnome-logs/100
/dev/loop17     2,5M  2,5M     0 100% /snap/gnome-calculator/748
/dev/loop18     2,3M  2,3M     0 100% /snap/gnome-system-monitor/145
tmpfs           199M   28K  199M   1% /run/user/121
/dev/loop19     256M  256M     0 100% /snap/gnome-3-34-1804/33
tmpfs           199M   32K  199M   1% /run/user/1000
/dev/sr0         57M   57M     0 100% /media/mariia/VBox_GAs_6.1.4
current state of swapfile:
Swap:           472          12         460
procs -----------memory---------- ---swap-- -----io---- -system-- ------cpu-----
 r  b   swpd   free   buff  cache   si   so    bi    bo   in   cs us sy id wa st
 1  0  12360  87452 104868 587648    0    1   135   150  112  341  2  0 95  2  0
procs -----------memory---------- ---swap-- -----io---- -system-- ------cpu-----
 r  b   swpd   free   buff  cache   si   so    bi    bo   in   cs us sy id wa st
 0  0  12360  87200 104868 587648    0    1   135   150  112  341  2  0 95  2  0
procs -----------memory---------- ---swap-- -----io---- -system-- ------cpu-----
 r  b   swpd   free   buff  cache   si   so    bi    bo   in   cs us sy id wa st
 0  0  12360  87200 104876 587648    0    1   135   150  112  341  2  0 95  2  0
procs -----------memory---------- ---swap-- -----io---- -system-- ------cpu-----
 r  b   swpd   free   buff  cache   si   so    bi    bo   in   cs us sy id wa st
 2  0  12360  87200 104876 587648    0    1   135   149  112  341  2  0 95  2  0
procs -----------memory---------- ---swap-- -----io---- -system-- ------cpu-----
 r  b   swpd   free   buff  cache   si   so    bi    bo   in   cs us sy id wa st
 0  0  12360  87200 104884 587640    0    1   135   149  112  341  2  0 95  2  0
procs -----------memory---------- ---swap-- -----io---- -system-- ------cpu-----
 r  b   swpd   free   buff  cache   si   so    bi    bo   in   cs us sy id wa st
 0  0  12360  87200 104892 587648    0    1   135   149  112  341  2  0 95  2  0
procs -----------memory---------- ---swap-- -----io---- -system-- ------cpu-----
 r  b   swpd   free   buff  cache   si   so    bi    bo   in   cs us sy id wa st
 0  1  12360  87200 104900 587640    0    1   135   149  112  341  2  0 95  2  0
procs -----------memory---------- ---swap-- -----io---- -system-- ------cpu-----
 r  b   swpd   free   buff  cache   si   so    bi    bo   in   cs us sy id wa st
 0  0  12360  87200 104916 587648    0    1   134   149  112  341  2  0 95  2  0
procs -----------memory---------- ---swap-- -----io---- -system-- ------cpu-----
 r  b   swpd   free   buff  cache   si   so    bi    bo   in   cs us sy id wa st
 0  0  12360  87200 104920 587648    0    1   134   149  112  341  2  0 95  2  0
procs -----------memory---------- ---swap-- -----io---- -system-- ------cpu-----
 r  b   swpd   free   buff  cache   si   so    bi    bo   in   cs us sy id wa st
 0  1  12360  87200 104928 587640    0    1   134   149  112  341  2  0 95  2  0
average kernel context switches per second = 341
avarage processor usage over the past 15s: 0,00
current state of hard disc partitions:
Filesystem      Size  Used Avail Use% Mounted on
udev            971M     0  971M   0% /dev
tmpfs           199M  1,6M  198M   1% /run
/dev/sda1       9,8G  6,5G  2,8G  71% /
tmpfs           994M     0  994M   0% /dev/shm
tmpfs           5,0M  4,0K  5,0M   1% /run/lock
tmpfs           994M     0  994M   0% /sys/fs/cgroup
/dev/loop0      2,5M  2,5M     0 100% /snap/gnome-calculator/730
/dev/loop2      1,0M  1,0M     0 100% /snap/gnome-logs/93
/dev/loop1      243M  243M     0 100% /snap/gnome-3-34-1804/27
/dev/loop3       94M   94M     0 100% /snap/core/9066
/dev/loop5       55M   55M     0 100% /snap/core18/1754
/dev/loop4       94M   94M     0 100% /snap/core/8935
/dev/loop7      161M  161M     0 100% /snap/gnome-3-28-1804/116
/dev/loop8       15M   15M     0 100% /snap/gnome-characters/399
/dev/loop9       63M   63M     0 100% /snap/gtk-common-themes/1506
/dev/loop10      55M   55M     0 100% /snap/core18/1705
/dev/loop11     3,8M  3,8M     0 100% /snap/gnome-system-monitor/135
/dev/loop13      15M   15M     0 100% /snap/gnome-characters/495
/dev/loop15      49M   49M     0 100% /snap/gtk-common-themes/1474
/dev/loop16     1,0M  1,0M     0 100% /snap/gnome-logs/100
/dev/loop17     2,5M  2,5M     0 100% /snap/gnome-calculator/748
/dev/loop18     2,3M  2,3M     0 100% /snap/gnome-system-monitor/145
tmpfs           199M   28K  199M   1% /run/user/121
/dev/loop19     256M  256M     0 100% /snap/gnome-3-34-1804/33
tmpfs           199M   32K  199M   1% /run/user/1000
/dev/sr0         57M   57M     0 100% /media/mariia/VBox_GAs_6.1.4
current state of swapfile:
Swap:           472          12         460
procs -----------memory---------- ---swap-- -----io---- -system-- ------cpu-----
 r  b   swpd   free   buff  cache   si   so    bi    bo   in   cs us sy id wa st
 2  0  61440  72768  12368 385412    0    5   146   153  114  351  2  0 95  2  0
procs -----------memory---------- ---swap-- -----io---- -system-- ------cpu-----
 r  b   swpd   free   buff  cache   si   so    bi    bo   in   cs us sy id wa st
 4  3 113152 132000   5236 296112    0    9   147   158  115  352  2  0 95  2  0
procs -----------memory---------- ---swap-- -----io---- -system-- ------cpu-----
 r  b   swpd   free   buff  cache   si   so    bi    bo   in   cs us sy id wa st
 4  0 113152 112732   7724 300684    0    9   147   158  115  353  2  0 95  2  0
procs -----------memory---------- ---swap-- -----io---- -system-- ------cpu-----
 r  b   swpd   free   buff  cache   si   so    bi    bo   in   cs us sy id wa st
 4  0 139776 127660   6364 256884    0   11   147   161  115  354  2  0 95  2  0
procs -----------memory---------- ---swap-- -----io---- -system-- ------cpu-----
 r  b   swpd   free   buff  cache   si   so    bi    bo   in   cs us sy id wa st
 1  0 139776 233000   6404 258608    0   11   147   161  115  355  2  0 95  2  0
procs -----------memory---------- ---swap-- -----io---- -system-- ------cpu-----
 r  b   swpd   free   buff  cache   si   so    bi    bo   in   cs us sy id wa st
 2  0 139776 236640   6884 263048    0   11   148   161  115  355  2  0 95  2  0
procs -----------memory---------- ---swap-- -----io---- -system-- ------cpu-----
 r  b   swpd   free   buff  cache   si   so    bi    bo   in   cs us sy id wa st
 2  0 139776 245436   7188 253360    0   11   148   161  115  355  2  0 95  2  0
procs -----------memory---------- ---swap-- -----io---- -system-- ------cpu-----
 r  b   swpd   free   buff  cache   si   so    bi    bo   in   cs us sy id wa st
 1  1 139776 239104   7292 252560    0   11   148   161  115  356  2  0 95  2  0
procs -----------memory---------- ---swap-- -----io---- -system-- ------cpu-----
 r  b   swpd   free   buff  cache   si   so    bi    bo   in   cs us sy id wa st
 1  0 139776 227228   7684 255432    0   11   148   161  116  356  2  0 95  2  0
procs -----------memory---------- ---swap-- -----io---- -system-- ------cpu-----
 r  b   swpd   free   buff  cache   si   so    bi    bo   in   cs us sy id wa st
 0  0 139776 225432   8640 256176    0   11   148   161  116  356  2  0 95  2  0
average kernel context switches per second = 354
avarage processor usage over the past 15s: 0,19
current state of hard disc partitions:
Filesystem      Size  Used Avail Use% Mounted on
udev            971M     0  971M   0% /dev
tmpfs           199M  1,6M  198M   1% /run
/dev/sda1       9,8G  6,5G  2,8G  71% /
tmpfs           994M   39M  956M   4% /dev/shm
tmpfs           5,0M  4,0K  5,0M   1% /run/lock
tmpfs           994M     0  994M   0% /sys/fs/cgroup
/dev/loop0      2,5M  2,5M     0 100% /snap/gnome-calculator/730
/dev/loop2      1,0M  1,0M     0 100% /snap/gnome-logs/93
/dev/loop1      243M  243M     0 100% /snap/gnome-3-34-1804/27
/dev/loop3       94M   94M     0 100% /snap/core/9066
/dev/loop5       55M   55M     0 100% /snap/core18/1754
/dev/loop4       94M   94M     0 100% /snap/core/8935
/dev/loop7      161M  161M     0 100% /snap/gnome-3-28-1804/116
/dev/loop8       15M   15M     0 100% /snap/gnome-characters/399
/dev/loop9       63M   63M     0 100% /snap/gtk-common-themes/1506
/dev/loop10      55M   55M     0 100% /snap/core18/1705
/dev/loop11     3,8M  3,8M     0 100% /snap/gnome-system-monitor/135
/dev/loop13      15M   15M     0 100% /snap/gnome-characters/495
/dev/loop15      49M   49M     0 100% /snap/gtk-common-themes/1474
/dev/loop16     1,0M  1,0M     0 100% /snap/gnome-logs/100
/dev/loop17     2,5M  2,5M     0 100% /snap/gnome-calculator/748
/dev/loop18     2,3M  2,3M     0 100% /snap/gnome-system-monitor/145
tmpfs           199M   28K  199M   1% /run/user/121
/dev/loop19     256M  256M     0 100% /snap/gnome-3-34-1804/33
tmpfs           199M   40K  199M   1% /run/user/1000
/dev/sr0         57M   57M     0 100% /media/mariia/VBox_GAs_6.1.4
current state of swapfile:
Swap:           472         136         335
